Warning: ignoring unsupported tag `ALLOW_UNICODE_NAMES    =' at line 79, file /home/travis/build/mattumotu/postman/doxygen.cfg
Warning: ignoring unsupported tag `GROUP_NESTED_COMPOUNDS =' at line 351, file /home/travis/build/mattumotu/postman/doxygen.cfg
Warning: ignoring unsupported tag `HIDE_COMPOUND_REFERENCE=' at line 522, file /home/travis/build/mattumotu/postman/doxygen.cfg
Warning: ignoring unsupported tag `LATEX_EXTRA_STYLESHEET =' at line 1667, file /home/travis/build/mattumotu/postman/doxygen.cfg
Warning: ignoring unsupported tag `RTF_SOURCE_CODE        =' at line 1792, file /home/travis/build/mattumotu/postman/doxygen.cfg
Warning: ignoring unsupported tag `MAN_SUBDIR             =' at line 1827, file /home/travis/build/mattumotu/postman/doxygen.cfg
Warning: ignoring unsupported tag `DOCBOOK_PROGRAMLISTING =' at line 1890, file /home/travis/build/mattumotu/postman/doxygen.cfg
Warning: ignoring unsupported tag `PLANTUML_JAR_PATH      =' at line 2319, file /home/travis/build/mattumotu/postman/doxygen.cfg
Warning: ignoring unsupported tag `PLANTUML_INCLUDE_PATH  =' at line 2324, file /home/travis/build/mattumotu/postman/doxygen.cfg
Searching for include files...
Searching for example files...
Searching for images...
Searching for dot files...
Searching for msc files...
Searching for dia files...
Searching for files to exclude
Searching for files to process...
Searching for files in directory /home/travis/build/mattumotu/postman
Searching for files in directory /home/travis/build/mattumotu/postman/code_docs
Searching for files in directory /home/travis/build/mattumotu/postman/code_docs/postman
Searching for files in directory /home/travis/build/mattumotu/postman/packages
Searching for files in directory /home/travis/build/mattumotu/postman/packages/xunit.1.9.2
Searching for files in directory /home/travis/build/mattumotu/postman/packages/xunit.1.9.2/lib
Searching for files in directory /home/travis/build/mattumotu/postman/packages/xunit.1.9.2/lib/net20
Searching for files in directory /home/travis/build/mattumotu/postman/packages/xunit.runner.console.2.1.0
Searching for files in directory /home/travis/build/mattumotu/postman/packages/xunit.runner.console.2.1.0/tools
Searching for files in directory /home/travis/build/mattumotu/postman/Postman
Searching for files in directory /home/travis/build/mattumotu/postman/Postman/bin
Searching for files in directory /home/travis/build/mattumotu/postman/Postman/bin/Debug
Searching for files in directory /home/travis/build/mattumotu/postman/Postman/EmbeddedResource
Searching for files in directory /home/travis/build/mattumotu/postman/Postman/Enclosure
Searching for files in directory /home/travis/build/mattumotu/postman/Postman/Envelope
Searching for files in directory /home/travis/build/mattumotu/postman/Postman/obj
Searching for files in directory /home/travis/build/mattumotu/postman/Postman/obj/Debug
Searching for files in directory /home/travis/build/mattumotu/postman/Postman/Properties
Searching for files in directory /home/travis/build/mattumotu/postman/Postman/Stamp
Searching for files in directory /home/travis/build/mattumotu/postman/Postman.Interfaces
Searching for files in directory /home/travis/build/mattumotu/postman/Postman.Interfaces/bin
Searching for files in directory /home/travis/build/mattumotu/postman/Postman.Interfaces/bin/Debug
Searching for files in directory /home/travis/build/mattumotu/postman/Postman.Interfaces/obj
Searching for files in directory /home/travis/build/mattumotu/postman/Postman.Interfaces/obj/Debug
Searching for files in directory /home/travis/build/mattumotu/postman/Postman.Interfaces/Properties
Searching for files in directory /home/travis/build/mattumotu/postman/Postman.Tests
Searching for files in directory /home/travis/build/mattumotu/postman/Postman.Tests/bin
Searching for files in directory /home/travis/build/mattumotu/postman/Postman.Tests/bin/Debug
Searching for files in directory /home/travis/build/mattumotu/postman/Postman.Tests/obj
Searching for files in directory /home/travis/build/mattumotu/postman/Postman.Tests/obj/Debug
Searching for files in directory /home/travis/build/mattumotu/postman/Postman.Tests/Properties
Searching for files in directory /home/travis/build/mattumotu/postman/Postman.Tests/Stamp
Searching for files in directory /home/travis/build/mattumotu/postman/testrunner
Searching for files in directory /home/travis/build/mattumotu/postman/testrunner/xunit.runners.1.9.2
Searching for files in directory /home/travis/build/mattumotu/postman/testrunner/xunit.runners.1.9.2/tools
Reading and parsing tag files
Parsing files
Preprocessing /home/travis/build/mattumotu/postman/namespaces.dox...
Parsing file /home/travis/build/mattumotu/postman/namespaces.dox...
Preprocessing /home/travis/build/mattumotu/postman/Postman/EmbeddedResource/EmbeddedResource.cs...
Parsing file /home/travis/build/mattumotu/postman/Postman/EmbeddedResource/EmbeddedResource.cs...
Preprocessing /home/travis/build/mattumotu/postman/Postman/Enclosure/Attached.cs...
Parsing file /home/travis/build/mattumotu/postman/Postman/Enclosure/Attached.cs...
Preprocessing /home/travis/build/mattumotu/postman/Postman/Enclosure/Html.cs...
Parsing file /home/travis/build/mattumotu/postman/Postman/Enclosure/Html.cs...
Preprocessing /home/travis/build/mattumotu/postman/Postman/Enclosure/Plain.cs...
Parsing file /home/travis/build/mattumotu/postman/Postman/Enclosure/Plain.cs...
Preprocessing /home/travis/build/mattumotu/postman/Postman/Envelope/DebugEnvelope.cs...
Parsing file /home/travis/build/mattumotu/postman/Postman/Envelope/DebugEnvelope.cs...
Preprocessing /home/travis/build/mattumotu/postman/Postman/Envelope/Envelope.cs...
Parsing file /home/travis/build/mattumotu/postman/Postman/Envelope/Envelope.cs...
Preprocessing /home/travis/build/mattumotu/postman/Postman/Envelope/StrictEnvelope.cs...
Parsing file /home/travis/build/mattumotu/postman/Postman/Envelope/StrictEnvelope.cs...
Preprocessing /home/travis/build/mattumotu/postman/Postman/obj/Debug/.NETFramework,Version=v4.0.AssemblyAttribute.cs...
Parsing file /home/travis/build/mattumotu/postman/Postman/obj/Debug/.NETFramework,Version=v4.0.AssemblyAttribute.cs...
Preprocessing /home/travis/build/mattumotu/postman/Postman/Properties/AssemblyInfo.cs...
Parsing file /home/travis/build/mattumotu/postman/Postman/Properties/AssemblyInfo.cs...
Preprocessing /home/travis/build/mattumotu/postman/Postman/SMTPPostman.cs...
Parsing file /home/travis/build/mattumotu/postman/Postman/SMTPPostman.cs...
Preprocessing /home/travis/build/mattumotu/postman/Postman/Stamp/Bcc.cs...
Parsing file /home/travis/build/mattumotu/postman/Postman/Stamp/Bcc.cs...
Preprocessing /home/travis/build/mattumotu/postman/Postman/Stamp/Cc.cs...
Parsing file /home/travis/build/mattumotu/postman/Postman/Stamp/Cc.cs...
Preprocessing /home/travis/build/mattumotu/postman/Postman/Stamp/Recipient.cs...
Parsing file /home/travis/build/mattumotu/postman/Postman/Stamp/Recipient.cs...
Preprocessing /home/travis/build/mattumotu/postman/Postman/Stamp/Sender.cs...
Parsing file /home/travis/build/mattumotu/postman/Postman/Stamp/Sender.cs...
Preprocessing /home/travis/build/mattumotu/postman/Postman/Stamp/Subject.cs...
Parsing file /home/travis/build/mattumotu/postman/Postman/Stamp/Subject.cs...
Preprocessing /home/travis/build/mattumotu/postman/Postman.Interfaces/IEmbeddedResource.cs...
Parsing file /home/travis/build/mattumotu/postman/Postman.Interfaces/IEmbeddedResource.cs...
Preprocessing /home/travis/build/mattumotu/postman/Postman.Interfaces/IEnclosure.cs...
Parsing file /home/travis/build/mattumotu/postman/Postman.Interfaces/IEnclosure.cs...
Preprocessing /home/travis/build/mattumotu/postman/Postman.Interfaces/IEnvelope.cs...
Parsing file /home/travis/build/mattumotu/postman/Postman.Interfaces/IEnvelope.cs...
Preprocessing /home/travis/build/mattumotu/postman/Postman.Interfaces/IPostman.cs...
Parsing file /home/travis/build/mattumotu/postman/Postman.Interfaces/IPostman.cs...
Preprocessing /home/travis/build/mattumotu/postman/Postman.Interfaces/IStamp.cs...
Parsing file /home/travis/build/mattumotu/postman/Postman.Interfaces/IStamp.cs...
Preprocessing /home/travis/build/mattumotu/postman/Postman.Interfaces/obj/Debug/.NETFramework,Version=v4.0.AssemblyAttribute.cs...
Parsing file /home/travis/build/mattumotu/postman/Postman.Interfaces/obj/Debug/.NETFramework,Version=v4.0.AssemblyAttribute.cs...
Preprocessing /home/travis/build/mattumotu/postman/Postman.Interfaces/Properties/AssemblyInfo.cs...
Parsing file /home/travis/build/mattumotu/postman/Postman.Interfaces/Properties/AssemblyInfo.cs...
Preprocessing /home/travis/build/mattumotu/postman/Postman.Tests/obj/Debug/.NETFramework,Version=v4.0.AssemblyAttribute.cs...
Parsing file /home/travis/build/mattumotu/postman/Postman.Tests/obj/Debug/.NETFramework,Version=v4.0.AssemblyAttribute.cs...
Preprocessing /home/travis/build/mattumotu/postman/Postman.Tests/Properties/AssemblyInfo.cs...
Parsing file /home/travis/build/mattumotu/postman/Postman.Tests/Properties/AssemblyInfo.cs...
Preprocessing /home/travis/build/mattumotu/postman/Postman.Tests/Stamp/BccStampTest.cs...
Parsing file /home/travis/build/mattumotu/postman/Postman.Tests/Stamp/BccStampTest.cs...
Reading /home/travis/build/mattumotu/postman/README.md...
Building group list...
Building directory list...
Building namespace list...
Building file list...
Building class list...
Associating documentation with classes...
Computing nesting relations for classes...
Building example list...
Searching for enumerations...
Searching for documented typedefs...
Searching for members imported via using declarations...
Searching for included using directives...
Searching for documented variables...
Building interface member list...
Building member list...
Searching for friends...
Searching for documented defines...
Computing class inheritance relations...
Computing class usage relations...
Flushing cached template relations that have become invalid...
Creating members for template instances...
Computing class relations...
Add enum values to enums...
Searching for member function documentation...
Building page list...
Search for main page...
Computing page relations...
Determining the scope of groups...
Sorting lists...
Freeing entry tree
Determining which enums are documented
Computing member relations...
Building full member lists recursively...
Adding members to member groups.
Computing member references...
Inheriting documentation...
Generating disk names...
Adding source references...
Adding xrefitems...
Sorting member lists...
Computing dependencies between directories...
Generating citations page...
Counting data structures...
Resolving user defined references...
Finding anchors and sections in the documentation...
Transferring function references...
Combining using relations...
Adding members to index pages...
Generating style sheet...
Generating search indices...
Generating example documentation...
Generating file sources...
Generating file documentation...
Generating page documentation...
Generating group documentation...
Generating class documentation...
Generating namespace index...
Generating docs for namespace Postman
Generating docs for compound Postman::SMTPPostman...
Generating docs for compound Postman::IEmbeddedResource...
Generating docs for compound Postman::IEnclosure...
Generating docs for compound Postman::IEnvelope...
Generating docs for compound Postman::IPostman...
Generating docs for compound Postman::IStamp...
Generating docs for namespace Postman::EmbeddedResource
Generating docs for compound Postman::EmbeddedResource::EmbeddedResource...
Generating docs for namespace Postman::Enclosure
Generating docs for compound Postman::Enclosure::Attached...
Generating docs for compound Postman::Enclosure::Html...
Generating docs for compound Postman::Enclosure::Plain...
Generating docs for namespace Postman::Envelope
Generating docs for compound Postman::Envelope::DebugEnvelope...
Generating docs for compound Postman::Envelope::Envelope...
Generating docs for compound Postman::Envelope::StrictEnvelope...
Generating docs for namespace Postman::Stamp
Generating docs for compound Postman::Stamp::Bcc...
Generating docs for compound Postman::Stamp::Cc...
Generating docs for compound Postman::Stamp::Recipient...
Generating docs for compound Postman::Stamp::Sender...
Generating docs for compound Postman::Stamp::Subject...
Generating docs for namespace Postman::Tests
Generating docs for namespace Postman::Tests::Stamp
Generating docs for compound Postman::Tests::Stamp::BccStampTest...
Generating graph info page...
Generating directory documentation...
Generating index page...
Generating page index...
Generating module index...
Generating namespace index...
Generating namespace member index...
Generating annotated compound index...
Generating alphabetical compound index...
Generating hierarchical class index...
Generating member index...
Generating file index...
Generating file member index...
Generating example index...
finalizing index lists...
lookup cache used 116/65536 hits=343 misses=141
finished...
